<?xml version='1.0' encoding='UTF-8'?>
<testsuite hostname="SLB-CVMS8Y2" name="StatisticsCalculatorTest" tests="4" errors="0" failures="0" skipped="0" time="0.076" timestamp="2023-01-08T14:02:46">
          <properties>
[...]
</properties>
          <testcase classname="StatisticsCalculatorTest" name="StatisticCalculator should calculate min, max and avg humidity when humidity value is a number" time="0.072">
                      
                    </testcase><testcase classname="StatisticsCalculatorTest" name="StatisticCalculator should calculate min, max and avg humidity when humidity value is not a number" time="0.0">
                      
                    </testcase><testcase classname="StatisticsCalculatorTest" name="StatisticCalculator should calculate min, max and avg humidity when records are in different file and some of humidity value is not a number" time="0.003">
                      
                    </testcase><testcase classname="StatisticsCalculatorTest" name="StatisticCalculator should calculate min, max and avg humidity when records are in same file and humidity value is a number" time="0.001">
                      
                    </testcase>
          <system-out><![CDATA[]]></system-out>
          <system-err><![CDATA[]]></system-err>
        </testsuite>